This is pdfTeX, Version 3.14159265-2.6-1.40.15 (TeX Live 2014) (preloaded format=pdflatex 2015.2.5)  6 AUG 2015 15:34
entering extended mode
 \write18 enabled.
 %&-line parsing enabled.
**paper.tex
(./paper.tex
LaTeX2e <2014/05/01>
Babel <3.9k> and hyphenation patterns for 78 languages loaded.
(/Users/juste/Library/texmf/tex/latex/revtex4.cls

LaTeX Warning: You have requested document class `revtex4',
               but the document class provides `revtex4-1'.

Document Class: revtex4-1 2009/10/08:11:23 4.1g (http://publish.aps.org/revtex4
/ for documentation)
 Copyright (c) 2009 The American Physical Society.
 mailto:revtex@aps.org
 Licensed under the LPPL:
http://www.ctan.org/tex-archive/macros/latex/base/lppl.txt
 Arthur Ogawa <arthur_ogawa at sbcglobal dot net>
 Based on work by David Carlisle <david at dcarlisle.demon.co.uk>.
ltxutil [2009/07/07 4.1f]: portions licensed from W. E. Baxter (web at superscr
ipt.com)
LaTeX Info: Redefining \@centercr on input line 298.
Class revtex4-1 Info: Repairing broken LaTeX eqnarray on input line 348.
\eqncolsep=\skip41
Class revtex4-1 Info: Repairing hyperref-unfriendly LaTeX definition of \mpfoot
note on input line 423.
Class revtex4-1 Info: Repairing broken LateX \@sect on input line 754.
\intertabularlinepenalty=\count79
\@tbpen=\count80
\@arstrutbox@hline=\box26
Class revtex4-1 Info: Repairing broken LaTeX \@xbitor on input line 1785.
Class revtex4-1 Info: Making \typeout \long on input line 1953.
ltxfront [2009/10/06/20:20 4.1g]: Arthur Ogawa (after David P. Carlisle)
\c@affil=\count81
\c@collab=\count82
\absbox=\box27
ltxgrid [2009/07/07 4.1f]: portions licensed from W. E. Baxter (web at superscr
ipt.com)
\c@linecount=\count83
\output@latex=\toks14
\box@size@1=\box28
\box@size@2=\box29
\@protection@box=\box30
\@topmark@saved=\toks15
\footins@saved=\box31
\pagesofar=\box32
\footsofar=\box33
\pagegrid@col=\count84
Class revtex4-1 Info: Overriding \@vspace, \@vspacer, \@no@pgbk, \@newline, and
 \\  on input line 5346.
\c@part=\count85
\c@section=\count86
\c@subsection=\count87
\c@subsubsection=\count88
\c@paragraph=\count89
\c@subparagraph=\count90
\abovecaptionskip=\skip42
\belowcaptionskip=\skip43
\c@figure=\count91
\fbox@1=\box34
\c@table=\count92
\fbox@2=\box35
\c@video=\count93
\fbox@4=\box36
\@bibdataout=\write3
\widetext@top=\box37
\widetext@bot=\box38
Class revtex4-1 Info: Selecting society aps on input line 7230.
(/Users/juste/Library/texmf/tex/latex/aps4-1.rtx
File: aps4-1 2009/10/08:11:23 4.1g (http://publish.aps.org/revtex4/ for documen
tation)
Class revtex4-1 Info: RevTeX society APS selected on input line 31.
)
Class revtex4-1 Info: Selecting journal prd on input line 7232.
Class revtex4-1 Info: APS journal PRD selected on input line 7233.


Class revtex4-1 Warning: No type size specified, using default 10.

(/Users/juste/Library/texmf/tex/latex/aps10pt4-1.rtx
File: aps10pt4-1 2009/10/08:11:23 4.1g (http://publish.aps.org/revtex4/ for doc
umentation)
Class revtex4-1 Info: RevTeX pointsize 10pt selected on input line 30.
)
(/usr/local/texlive/2014/texmf-dist/tex/latex/textcase/textcase.sty
Package: textcase 2004/10/07 v0.07 Text only upper/lower case changing (DPC)
)
(/usr/local/texlive/2014/texmf-dist/tex/latex/url/url.sty
\Urlmuskip=\muskip10
Package: url 2013/09/16  ver 3.4  Verb mode for urls, etc.
)
(/usr/local/texlive/2014/texmf-dist/tex/latex/natbib/natbib.sty
Package: natbib 2010/09/13 8.31b (PWD, AO)
\bibhang=\skip44
\bibsep=\skip45
LaTeX Info: Redefining \cite on input line 694.
\c@NAT@ctr=\count94
)
(/Users/juste/Library/texmf/tex/latex/revsymb4-1.sty
Package: revsymb4-1 2009/10/08:11:23 4.1g (http://publish.aps.org/revtex4/ for 
documentation)
LaTeX Info: Redefining \REV@mathfrak on input line 119.
))
(/usr/local/texlive/2014/texmf-dist/tex/latex/amsmath/amsmath.sty
Package: amsmath 2013/01/14 v2.14 AMS math features
\@mathmargin=\skip46

For additional information on amsmath, use the `?' option.
(/usr/local/texlive/2014/texmf-dist/tex/latex/amsmath/amstext.sty
Package: amstext 2000/06/29 v2.01

(/usr/local/texlive/2014/texmf-dist/tex/latex/amsmath/amsgen.sty
File: amsgen.sty 1999/11/30 v2.0
\@emptytoks=\toks16
\ex@=\dimen102
)
LaTeX Info: Redefining \text on input line 39.
)
(/usr/local/texlive/2014/texmf-dist/tex/latex/amsmath/amsbsy.sty
Package: amsbsy 1999/11/29 v1.2d
\pmbraise@=\dimen103
)
(/usr/local/texlive/2014/texmf-dist/tex/latex/amsmath/amsopn.sty
Package: amsopn 1999/12/14 v2.01 operator names
)
\inf@bad=\count95
LaTeX Info: Redefining \frac on input line 210.
\uproot@=\count96
\leftroot@=\count97
LaTeX Info: Redefining \overline on input line 306.
\classnum@=\count98
\DOTSCASE@=\count99
LaTeX Info: Redefining \ldots on input line 378.
LaTeX Info: Redefining \dots on input line 381.
LaTeX Info: Redefining \cdots on input line 466.
\Mathstrutbox@=\box39
\strutbox@=\box40
\big@size=\dimen104
LaTeX Font Info:    Redeclaring font encoding OML on input line 566.
LaTeX Font Info:    Redeclaring font encoding OMS on input line 567.
\macc@depth=\count100
\c@MaxMatrixCols=\count101
\dotsspace@=\muskip11
\c@parentequation=\count102
\dspbrk@lvl=\count103
\tag@help=\toks17
\row@=\count104
\column@=\count105
\maxfields@=\count106
\andhelp@=\toks18
\eqnshift@=\dimen105
\alignsep@=\dimen106
\tagshift@=\dimen107
\tagwidth@=\dimen108
\totwidth@=\dimen109
\lineht@=\dimen110
\@envbody=\toks19
\multlinegap=\skip47
\multlinetaggap=\skip48
\mathdisplay@stack=\toks20
LaTeX Info: Redefining \[ on input line 2665.
LaTeX Info: Redefining \] on input line 2666.
)
(/usr/local/texlive/2014/texmf-dist/tex/latex/carlisle/slashed.sty
Package: slashed 1997/01/16 v0.01 Feynman Slashed Character Notation (DPC)
)
(/usr/local/texlive/2014/texmf-dist/tex/latex/graphics/graphicx.sty
Package: graphicx 2014/04/25 v1.0g Enhanced LaTeX Graphics (DPC,SPQR)

(/usr/local/texlive/2014/texmf-dist/tex/latex/graphics/keyval.sty
Package: keyval 2014/05/08 v1.15 key=value parser (DPC)
\KV@toks@=\toks21
)
(/usr/local/texlive/2014/texmf-dist/tex/latex/graphics/graphics.sty
Package: graphics 2009/02/05 v1.0o Standard LaTeX Graphics (DPC,SPQR)

(/usr/local/texlive/2014/texmf-dist/tex/latex/graphics/trig.sty
Package: trig 1999/03/16 v1.09 sin cos tan (DPC)
)
(/usr/local/texlive/2014/texmf-dist/tex/latex/latexconfig/graphics.cfg
File: graphics.cfg 2010/04/23 v1.9 graphics configuration of TeX Live
)
Package graphics Info: Driver file: pdftex.def on input line 91.

(/usr/local/texlive/2014/texmf-dist/tex/latex/pdftex-def/pdftex.def
File: pdftex.def 2011/05/27 v0.06d Graphics/color for pdfTeX

(/usr/local/texlive/2014/texmf-dist/tex/generic/oberdiek/infwarerr.sty
Package: infwarerr 2010/04/08 v1.3 Providing info/warning/error messages (HO)
)
(/usr/local/texlive/2014/texmf-dist/tex/generic/oberdiek/ltxcmds.sty
Package: ltxcmds 2011/11/09 v1.22 LaTeX kernel commands for general use (HO)
)
\Gread@gobject=\count107
))
\Gin@req@height=\dimen111
\Gin@req@width=\dimen112
)
(/usr/local/texlive/2014/texmf-dist/tex/latex/subfig/subfig.sty
Package: subfig 2005/06/28 ver: 1.3 subfig package

(/usr/local/texlive/2014/texmf-dist/tex/latex/caption/caption3.sty
Package: caption3 2013/05/02 v1.6-88 caption3 kernel (AR)
Package caption3 Info: TeX engine: e-TeX on input line 57.
\captionmargin=\dimen113
\captionmargin@=\dimen114
\captionwidth=\dimen115
\caption@tempdima=\dimen116
\caption@indent=\dimen117
\caption@parindent=\dimen118
\caption@hangindent=\dimen119
Package caption Info: Unknown document class (or package),
(caption)             standard defaults will be used.
)
\c@KVtest=\count108
\sf@farskip=\skip49
\sf@captopadj=\dimen120
\sf@capskip=\skip50
\sf@nearskip=\skip51
\c@subfigure=\count109
\c@subfigure@save=\count110
\c@lofdepth=\count111
\c@subtable=\count112
\c@subtable@save=\count113
\c@lotdepth=\count114
\sf@top=\skip52
\sf@bottom=\skip53
)
(/usr/local/texlive/2014/texmf-dist/tex/latex/graphics/color.sty
Package: color 2014/04/23 v1.1a Standard LaTeX Color (DPC)

(/usr/local/texlive/2014/texmf-dist/tex/latex/latexconfig/color.cfg
File: color.cfg 2007/01/18 v1.5 color configuration of teTeX/TeXLive
)
Package color Info: Driver file: pdftex.def on input line 137.
)
Class revtex4-1 Info: Patching LaTeX tabular. on input line 76.
Class revtex4-1 Info: Robustifying \LaTeX's \boldmath command on input line 76.

Class revtex4-1 Info: cite was not loaded (OK!) on input line 76.
Class revtex4-1 Info: mcite was not loaded (OK!) on input line 76.
Class revtex4-1 Info: multicol was not loaded (OK!) on input line 76.

(./paper.aux)
\openout1 = `paper.aux'.

LaTeX Font Info:    Checking defaults for OML/cmm/m/it on input line 76.
LaTeX Font Info:    ... okay on input line 76.
LaTeX Font Info:    Checking defaults for T1/cmr/m/n on input line 76.
LaTeX Font Info:    ... okay on input line 76.
LaTeX Font Info:    Checking defaults for OT1/cmr/m/n on input line 76.
LaTeX Font Info:    ... okay on input line 76.
LaTeX Font Info:    Checking defaults for OMS/cmsy/m/n on input line 76.
LaTeX Font Info:    ... okay on input line 76.
LaTeX Font Info:    Checking defaults for OMX/cmex/m/n on input line 76.
LaTeX Font Info:    ... okay on input line 76.
LaTeX Font Info:    Checking defaults for U/cmr/m/n on input line 76.
LaTeX Font Info:    ... okay on input line 76.

(/usr/local/texlive/2014/texmf-dist/tex/context/base/supp-pdf.mkii
[Loading MPS to PDF converter (version 2006.09.02).]
\scratchcounter=\count115
\scratchdimen=\dimen121
\scratchbox=\box41
\nofMPsegments=\count116
\nofMParguments=\count117
\everyMPshowfont=\toks22
\MPscratchCnt=\count118
\MPscratchDim=\dimen122
\MPnumerator=\count119
\makeMPintoPDFobject=\count120
\everyMPtoPDFconversion=\toks23
) (/usr/local/texlive/2014/texmf-dist/tex/generic/oberdiek/pdftexcmds.sty
Package: pdftexcmds 2011/11/29 v0.20 Utility functions of pdfTeX for LuaTeX (HO
)

(/usr/local/texlive/2014/texmf-dist/tex/generic/oberdiek/ifluatex.sty
Package: ifluatex 2010/03/01 v1.3 Provides the ifluatex switch (HO)
Package ifluatex Info: LuaTeX not detected.
)
(/usr/local/texlive/2014/texmf-dist/tex/generic/oberdiek/ifpdf.sty
Package: ifpdf 2011/01/30 v2.3 Provides the ifpdf switch (HO)
Package ifpdf Info: pdfTeX in PDF mode is detected.
)
Package pdftexcmds Info: LuaTeX not detected.
Package pdftexcmds Info: \pdf@primitive is available.
Package pdftexcmds Info: \pdf@ifprimitive is available.
Package pdftexcmds Info: \pdfdraftmode found.
)
(/usr/local/texlive/2014/texmf-dist/tex/latex/oberdiek/epstopdf-base.sty
Package: epstopdf-base 2010/02/09 v2.5 Base part for package epstopdf

(/usr/local/texlive/2014/texmf-dist/tex/latex/oberdiek/grfext.sty
Package: grfext 2010/08/19 v1.1 Manage graphics extensions (HO)

(/usr/local/texlive/2014/texmf-dist/tex/generic/oberdiek/kvdefinekeys.sty
Package: kvdefinekeys 2011/04/07 v1.3 Define keys (HO)
))
(/usr/local/texlive/2014/texmf-dist/tex/latex/oberdiek/kvoptions.sty
Package: kvoptions 2011/06/30 v3.11 Key value format for package options (HO)

(/usr/local/texlive/2014/texmf-dist/tex/generic/oberdiek/kvsetkeys.sty
Package: kvsetkeys 2012/04/25 v1.16 Key value parser (HO)

(/usr/local/texlive/2014/texmf-dist/tex/generic/oberdiek/etexcmds.sty
Package: etexcmds 2011/02/16 v1.5 Avoid name clashes with e-TeX commands (HO)
Package etexcmds Info: Could not find \expanded.
(etexcmds)             That can mean that you are not using pdfTeX 1.50 or
(etexcmds)             that some package has redefined \expanded.
(etexcmds)             In the latter case, load this package earlier.
)))
Package grfext Info: Graphics extension search list:
(grfext)             [.pdf,.png,.jpg,.eps]
(grfext)             \AppendGraphicsExtensions on input line 452.

(/usr/local/texlive/2014/texmf-dist/tex/latex/latexconfig/epstopdf-sys.cfg
File: epstopdf-sys.cfg 2010/07/13 v1.3 Configuration of (r)epstopdf for TeX Liv
e
))
Package caption Info: Begin \AtBeginDocument code.
Package caption Info: subfig package v1.3 is loaded.
Package caption Info: End \AtBeginDocument code.
\openout3 = `paperNotes.bib'.


[1{/usr/local/texlive/2014/texmf-var/fonts/map/pdftex/updmap/pdftex.map}]
[2] <Figures/fig1a.pdf, id=24, 569.12625pt x 546.04pt>
File: Figures/fig1a.pdf Graphic file (type pdf)
 <use Figures/fig1a.pdf>
Package pdftex.def Info: Figures/fig1a.pdf used on input line 195.
(pdftex.def)             Requested size: 203.99689pt x 195.7244pt.

<Figures/fig1b.pdf, id=25, 569.12625pt x 546.04pt>
File: Figures/fig1b.pdf Graphic file (type pdf)
 <use Figures/fig1b.pdf>
Package pdftex.def Info: Figures/fig1b.pdf used on input line 196.
(pdftex.def)             Requested size: 203.99689pt x 195.7244pt.

[3] [4 <./Figures/fig1a.pdf> <./Figures/fig1b.pdf>]
<Figures/fig2a.pdf, id=47, 569.12625pt x 546.04pt>
File: Figures/fig2a.pdf Graphic file (type pdf)
 <use Figures/fig2a.pdf>
Package pdftex.def Info: Figures/fig2a.pdf used on input line 316.
(pdftex.def)             Requested size: 203.99689pt x 195.7244pt.

<Figures/fig2b.pdf, id=48, 569.12625pt x 546.04pt>
File: Figures/fig2b.pdf Graphic file (type pdf)
 <use Figures/fig2b.pdf>
Package pdftex.def Info: Figures/fig2b.pdf used on input line 317.
(pdftex.def)             Requested size: 203.99689pt x 195.7244pt.

[5 <./Figures/fig2a.pdf> <./Figures/fig2b.pdf>]

LaTeX Warning: `h' float specifier changed to `ht'.

<Figures/fig3a.pdf, id=71, 569.12625pt x 641.39626pt>
File: Figures/fig3a.pdf Graphic file (type pdf)
 <use Figures/fig3a.pdf>
Package pdftex.def Info: Figures/fig3a.pdf used on input line 421.
(pdftex.def)             Requested size: 153.00156pt x 172.4257pt.

<Figures/fig3b.pdf, id=72, 569.12625pt x 641.39626pt>
File: Figures/fig3b.pdf Graphic file (type pdf)
 <use Figures/fig3b.pdf>
Package pdftex.def Info: Figures/fig3b.pdf used on input line 422.
(pdftex.def)             Requested size: 153.00156pt x 172.4257pt.

<Figures/fig3c.pdf, id=73, 569.12625pt x 641.39626pt>
File: Figures/fig3c.pdf Graphic file (type pdf)
 <use Figures/fig3c.pdf>
Package pdftex.def Info: Figures/fig3c.pdf used on input line 423.
(pdftex.def)             Requested size: 153.00156pt x 172.4257pt.

<Figures/fig3d.pdf, id=74, 569.12625pt x 641.39626pt>
File: Figures/fig3d.pdf Graphic file (type pdf)
 <use Figures/fig3d.pdf>
Package pdftex.def Info: Figures/fig3d.pdf used on input line 424.
(pdftex.def)             Requested size: 153.00156pt x 172.4257pt.

<Figures/fig3e.pdf, id=75, 569.12625pt x 641.39626pt>
File: Figures/fig3e.pdf Graphic file (type pdf)
 <use Figures/fig3e.pdf>
Package pdftex.def Info: Figures/fig3e.pdf used on input line 425.
(pdftex.def)             Requested size: 153.00156pt x 172.4257pt.

<Figures/fig3f.pdf, id=76, 569.12625pt x 641.39626pt>
File: Figures/fig3f.pdf Graphic file (type pdf)
 <use Figures/fig3f.pdf>
Package pdftex.def Info: Figures/fig3f.pdf used on input line 426.
(pdftex.def)             Requested size: 153.00156pt x 172.4257pt.

<Figures/fig4a.pdf, id=77, 569.12625pt x 641.39626pt>
File: Figures/fig4a.pdf Graphic file (type pdf)
 <use Figures/fig4a.pdf>
Package pdftex.def Info: Figures/fig4a.pdf used on input line 444.
(pdftex.def)             Requested size: 153.00156pt x 172.4257pt.

<Figures/fig4b.pdf, id=78, 569.12625pt x 641.39626pt>
File: Figures/fig4b.pdf Graphic file (type pdf)
 <use Figures/fig4b.pdf>
Package pdftex.def Info: Figures/fig4b.pdf used on input line 445.
(pdftex.def)             Requested size: 153.00156pt x 172.4257pt.

<Figures/fig4c.pdf, id=79, 569.12625pt x 641.39626pt>
File: Figures/fig4c.pdf Graphic file (type pdf)
 <use Figures/fig4c.pdf>
Package pdftex.def Info: Figures/fig4c.pdf used on input line 446.
(pdftex.def)             Requested size: 153.00156pt x 172.4257pt.

<Figures/fig4d.pdf, id=80, 569.12625pt x 641.39626pt>
File: Figures/fig4d.pdf Graphic file (type pdf)
 <use Figures/fig4d.pdf>
Package pdftex.def Info: Figures/fig4d.pdf used on input line 447.
(pdftex.def)             Requested size: 153.00156pt x 172.4257pt.

<Figures/fig4e.pdf, id=81, 569.12625pt x 641.39626pt>
File: Figures/fig4e.pdf Graphic file (type pdf)
 <use Figures/fig4e.pdf>
Package pdftex.def Info: Figures/fig4e.pdf used on input line 448.
(pdftex.def)             Requested size: 153.00156pt x 172.4257pt.

<Figures/fig4f.pdf, id=82, 569.12625pt x 641.39626pt>
File: Figures/fig4f.pdf Graphic file (type pdf)
 <use Figures/fig4f.pdf>
Package pdftex.def Info: Figures/fig4f.pdf used on input line 449.
(pdftex.def)             Requested size: 153.00156pt x 172.4257pt.

[6] [7] <Figures/fig5a.pdf, id=91, 569.12625pt x 387.4475pt>
File: Figures/fig5a.pdf Graphic file (type pdf)

<use Figures/fig5a.pdf>
Package pdftex.def Info: Figures/fig5a.pdf used on input line 531.
(pdftex.def)             Requested size: 229.49844pt x 156.23549pt.
 <Figures/fig5b.pdf, id=92, 569.12625pt x 387.4475pt>
File: Figures/fig5b.pdf Graphic file (type pdf)

<use Figures/fig5b.pdf>
Package pdftex.def Info: Figures/fig5b.pdf used on input line 532.
(pdftex.def)             Requested size: 229.49844pt x 156.23549pt.


LaTeX Warning: `h' float specifier changed to `ht'.


LaTeX Warning: `!h' float specifier changed to `!ht'.

[8 <./Figures/fig3a.pdf> <./Figures/fig3b.pdf> <./Figures/fig3c.pdf> <./Figures
/fig3d.pdf> <./Figures/fig3e.pdf> <./Figures/fig3f.pdf>] [9 <./Figures/fig4a.pd
f> <./Figures/fig4b.pdf> <./Figures/fig4c.pdf> <./Figures/fig4d.pdf> <./Figures
/fig4e.pdf> <./Figures/fig4f.pdf>] [10 <./Figures/fig5a.pdf> <./Figures/fig5b.p
df>] <Figures/fig6.pdf, id=230, 361.35pt x 285.12924pt>
File: Figures/fig6.pdf Graphic file (type pdf)
 <use Figures/fig6.pdf>
Package pdftex.def Info: Figures/fig6.pdf used on input line 639.
(pdftex.def)             Requested size: 255.0pt x 201.21191pt.

<Figures/fig7a.pdf, id=231, 361.35pt x 285.12924pt>
File: Figures/fig7a.pdf Graphic file (type pdf)
 <use Figures/fig7a.pdf>
Package pdftex.def Info: Figures/fig7a.pdf used on input line 649.
(pdftex.def)             Requested size: 229.49844pt x 181.08986pt.

<Figures/fig7b.pdf, id=232, 361.35pt x 285.12924pt>
File: Figures/fig7b.pdf Graphic file (type pdf)
 <use Figures/fig7b.pdf>
Package pdftex.def Info: Figures/fig7b.pdf used on input line 650.
(pdftex.def)             Requested size: 229.49844pt x 181.08986pt.

[11] [12 <./Figures/fig6.pdf> <./Figures/fig7a.pdf> <./Figures/fig7b.pdf>]
[13] <Figures/fig8a.pdf, id=303, 260.17201pt x 200.69379pt>
File: Figures/fig8a.pdf Graphic file (type pdf)

<use Figures/fig8a.pdf>
Package pdftex.def Info: Figures/fig8a.pdf used on input line 738.
(pdftex.def)             Requested size: 229.49844pt x 177.0398pt.
 <Figures/fig8b.pdf, id=304, 260.17201pt x 200.69379pt>
File: Figures/fig8b.pdf Graphic file (type pdf)

<use Figures/fig8b.pdf>
Package pdftex.def Info: Figures/fig8b.pdf used on input line 739.
(pdftex.def)             Requested size: 229.49844pt x 177.0398pt.
 <Figures/fig9a.pdf, id=305, 260.17201pt x 200.69379pt>
File: Figures/fig9a.pdf Graphic file (type pdf)

<use Figures/fig9a.pdf>
Package pdftex.def Info: Figures/fig9a.pdf used on input line 770.
(pdftex.def)             Requested size: 229.49844pt x 177.0398pt.
 <Figures/fig9b.pdf, id=306, 260.17201pt x 200.69379pt>
File: Figures/fig9b.pdf Graphic file (type pdf)

<use Figures/fig9b.pdf>
Package pdftex.def Info: Figures/fig9b.pdf used on input line 771.
(pdftex.def)             Requested size: 229.49844pt x 177.0398pt.
 [14 <./Figures/fig8a.pdf> <./Figures/fig8b.pdf>]
[15 <./Figures/fig9a.pdf> <./Figures/fig9b.pdf>]
No file paper.bbl.
Missing character: There is no Ã in font cmr9!
Missing character: There is no © in font cmr9!
[16]
Missing character: There is no ï in font cmr9!
Missing character: There is no ¿ in font cmr9!
Missing character: There is no ½ in font cmr9!
Missing character: There is no ï in font cmr9!
Missing character: There is no ¿ in font cmr9!
Missing character: There is no ½ in font cmr9!
 [17] (./paper.aux) ) 
Here is how much of TeX's memory you used:
 5349 strings out of 493117
 77653 string characters out of 6135434
 173696 words of memory out of 5000000
 8727 multiletter control sequences out of 15000+600000
 11477 words of font info for 41 fonts, out of 8000000 for 9000
 1141 hyphenation exceptions out of 8191
 38i,13n,47p,1469b,664s stack positions out of 5000i,500n,10000p,200000b,80000s
</usr/local/texlive/2014/texmf-dist/fonts/type1/public/ams
fonts/cm/cmbx10.pfb></usr/local/texlive/2014/texmf-dist/fonts/type1/public/amsf
onts/cm/cmbx12.pfb></usr/local/texlive/2014/texmf-dist/fonts/type1/public/amsfo
nts/cm/cmbx7.pfb></usr/local/texlive/2014/texmf-dist/fonts/type1/public/amsfont
s/cm/cmbx9.pfb></usr/local/texlive/2014/texmf-dist/fonts/type1/public/amsfonts/
cm/cmcsc10.pfb></usr/local/texlive/2014/texmf-dist/fonts/type1/public/amsfonts/
cm/cmex10.pfb></usr/local/texlive/2014/texmf-dist/fonts/type1/public/amsfonts/c
m/cmmi10.pfb></usr/local/texlive/2014/texmf-dist/fonts/type1/public/amsfonts/cm
/cmmi5.pfb></usr/local/texlive/2014/texmf-dist/fonts/type1/public/amsfonts/cm/c
mmi6.pfb></usr/local/texlive/2014/texmf-dist/fonts/type1/public/amsfonts/cm/cmm
i7.pfb></usr/local/texlive/2014/texmf-dist/fonts/type1/public/amsfonts/cm/cmmi9
.pfb></usr/local/texlive/2014/texmf-dist/fonts/type1/public/amsfonts/cm/cmr10.p
fb></usr/local/texlive/2014/texmf-dist/fonts/type1/public/amsfonts/cm/cmr5.pfb>
</usr/local/texlive/2014/texmf-dist/fonts/type1/public/amsfonts/cm/cmr6.pfb></u
sr/local/texlive/2014/texmf-dist/fonts/type1/public/amsfonts/cm/cmr7.pfb></usr/
local/texlive/2014/texmf-dist/fonts/type1/public/amsfonts/cm/cmr8.pfb></usr/loc
al/texlive/2014/texmf-dist/fonts/type1/public/amsfonts/cm/cmr9.pfb></usr/local/
texlive/2014/texmf-dist/fonts/type1/public/amsfonts/cm/cmsl10.pfb></usr/local/t
exlive/2014/texmf-dist/fonts/type1/public/amsfonts/cm/cmsy10.pfb></usr/local/te
xlive/2014/texmf-dist/fonts/type1/public/amsfonts/cm/cmsy6.pfb></usr/local/texl
ive/2014/texmf-dist/fonts/type1/public/amsfonts/cm/cmsy7.pfb></usr/local/texliv
e/2014/texmf-dist/fonts/type1/public/amsfonts/cm/cmsy9.pfb></usr/local/texlive/
2014/texmf-dist/fonts/type1/public/amsfonts/cm/cmti10.pfb></usr/local/texlive/2
014/texmf-dist/fonts/type1/public/amsfonts/cm/cmti9.pfb></usr/local/texlive/201
4/texmf-dist/fonts/type1/public/amsfonts/cm/cmtt9.pfb>
Output written on paper.pdf (17 pages, 1526037 bytes).
PDF statistics:
 477 PDF objects out of 1000 (max. 8388607)
 355 compressed objects within 4 object streams
 0 named destinations out of 1000 (max. 500000)
 126 words of extra memory for PDF output out of 10000 (max. 10000000)

