This is pdfTeX, Version 3.14159265-2.6-1.40.15 (TeX Live 2014) (preloaded format=latex 2015.2.5)  4 AUG 2015 13:25
entering extended mode
 restricted \write18 enabled.
 %&-line parsing enabled.
**paper.tex
(./paper.tex
LaTeX2e <2014/05/01>
Babel <3.9k> and hyphenation patterns for 78 languages loaded.
(/Users/juste/Library/texmf/tex/latex/revtex4.cls

LaTeX Warning: You have requested document class `revtex4',
               but the document class provides `revtex4-1'.

Document Class: revtex4-1 2009/10/08:11:23 4.1g (http://publish.aps.org/revtex4
/ for documentation)
 Copyright (c) 2009 The American Physical Society.
 mailto:revtex@aps.org
 Licensed under the LPPL:
http://www.ctan.org/tex-archive/macros/latex/base/lppl.txt
 Arthur Ogawa <arthur_ogawa at sbcglobal dot net>
 Based on work by David Carlisle <david at dcarlisle.demon.co.uk>.
ltxutil [2009/07/07 4.1f]: portions licensed from W. E. Baxter (web at superscr
ipt.com)
LaTeX Info: Redefining \@centercr on input line 298.
Class revtex4-1 Info: Repairing broken LaTeX eqnarray on input line 348.
\eqncolsep=\skip41
Class revtex4-1 Info: Repairing hyperref-unfriendly LaTeX definition of \mpfoot
note on input line 423.
Class revtex4-1 Info: Repairing broken LateX \@sect on input line 754.
\intertabularlinepenalty=\count79
\@tbpen=\count80
\@arstrutbox@hline=\box26
Class revtex4-1 Info: Repairing broken LaTeX \@xbitor on input line 1785.
Class revtex4-1 Info: Making \typeout \long on input line 1953.
ltxfront [2009/10/06/20:20 4.1g]: Arthur Ogawa (after David P. Carlisle)
\c@affil=\count81
\c@collab=\count82
\absbox=\box27
ltxgrid [2009/07/07 4.1f]: portions licensed from W. E. Baxter (web at superscr
ipt.com)
\c@linecount=\count83
\output@latex=\toks14
\box@size@1=\box28
\box@size@2=\box29
\@protection@box=\box30
\@topmark@saved=\toks15
\footins@saved=\box31
\pagesofar=\box32
\footsofar=\box33
\pagegrid@col=\count84
Class revtex4-1 Info: Overriding \@vspace, \@vspacer, \@no@pgbk, \@newline, and
 \\  on input line 5346.
\c@part=\count85
\c@section=\count86
\c@subsection=\count87
\c@subsubsection=\count88
\c@paragraph=\count89
\c@subparagraph=\count90
\abovecaptionskip=\skip42
\belowcaptionskip=\skip43
\c@figure=\count91
\fbox@1=\box34
\c@table=\count92
\fbox@2=\box35
\c@video=\count93
\fbox@4=\box36
\@bibdataout=\write3
\widetext@top=\box37
\widetext@bot=\box38
Class revtex4-1 Info: Selecting society aps on input line 7230.
(/Users/juste/Library/texmf/tex/latex/aps4-1.rtx
File: aps4-1 2009/10/08:11:23 4.1g (http://publish.aps.org/revtex4/ for documen
tation)
Class revtex4-1 Info: RevTeX society APS selected on input line 31.
)
Class revtex4-1 Info: Selecting journal prd on input line 7232.
Class revtex4-1 Info: APS journal PRD selected on input line 7233.


Class revtex4-1 Warning: No type size specified, using default 10.

(/Users/juste/Library/texmf/tex/latex/aps10pt4-1.rtx
File: aps10pt4-1 2009/10/08:11:23 4.1g (http://publish.aps.org/revtex4/ for doc
umentation)
Class revtex4-1 Info: RevTeX pointsize 10pt selected on input line 30.
)
(/usr/local/texlive/2014/texmf-dist/tex/latex/textcase/textcase.sty
Package: textcase 2004/10/07 v0.07 Text only upper/lower case changing (DPC)
)
(/usr/local/texlive/2014/texmf-dist/tex/latex/url/url.sty
\Urlmuskip=\muskip10
Package: url 2013/09/16  ver 3.4  Verb mode for urls, etc.
)
(/usr/local/texlive/2014/texmf-dist/tex/latex/natbib/natbib.sty
Package: natbib 2010/09/13 8.31b (PWD, AO)
\bibhang=\skip44
\bibsep=\skip45
LaTeX Info: Redefining \cite on input line 694.
\c@NAT@ctr=\count94
)
(/Users/juste/Library/texmf/tex/latex/revsymb4-1.sty
Package: revsymb4-1 2009/10/08:11:23 4.1g (http://publish.aps.org/revtex4/ for 
documentation)
LaTeX Info: Redefining \REV@mathfrak on input line 119.
))
(/usr/local/texlive/2014/texmf-dist/tex/latex/amsmath/amsmath.sty
Package: amsmath 2013/01/14 v2.14 AMS math features
\@mathmargin=\skip46

For additional information on amsmath, use the `?' option.
(/usr/local/texlive/2014/texmf-dist/tex/latex/amsmath/amstext.sty
Package: amstext 2000/06/29 v2.01

(/usr/local/texlive/2014/texmf-dist/tex/latex/amsmath/amsgen.sty
File: amsgen.sty 1999/11/30 v2.0
\@emptytoks=\toks16
\ex@=\dimen102
)
LaTeX Info: Redefining \text on input line 39.
)
(/usr/local/texlive/2014/texmf-dist/tex/latex/amsmath/amsbsy.sty
Package: amsbsy 1999/11/29 v1.2d
\pmbraise@=\dimen103
)
(/usr/local/texlive/2014/texmf-dist/tex/latex/amsmath/amsopn.sty
Package: amsopn 1999/12/14 v2.01 operator names
)
\inf@bad=\count95
LaTeX Info: Redefining \frac on input line 210.
\uproot@=\count96
\leftroot@=\count97
LaTeX Info: Redefining \overline on input line 306.
\classnum@=\count98
\DOTSCASE@=\count99
LaTeX Info: Redefining \ldots on input line 378.
LaTeX Info: Redefining \dots on input line 381.
LaTeX Info: Redefining \cdots on input line 466.
\Mathstrutbox@=\box39
\strutbox@=\box40
\big@size=\dimen104
LaTeX Font Info:    Redeclaring font encoding OML on input line 566.
LaTeX Font Info:    Redeclaring font encoding OMS on input line 567.
\macc@depth=\count100
\c@MaxMatrixCols=\count101
\dotsspace@=\muskip11
\c@parentequation=\count102
\dspbrk@lvl=\count103
\tag@help=\toks17
\row@=\count104
\column@=\count105
\maxfields@=\count106
\andhelp@=\toks18
\eqnshift@=\dimen105
\alignsep@=\dimen106
\tagshift@=\dimen107
\tagwidth@=\dimen108
\totwidth@=\dimen109
\lineht@=\dimen110
\@envbody=\toks19
\multlinegap=\skip47
\multlinetaggap=\skip48
\mathdisplay@stack=\toks20
LaTeX Info: Redefining \[ on input line 2665.
LaTeX Info: Redefining \] on input line 2666.
)
(/usr/local/texlive/2014/texmf-dist/tex/latex/carlisle/slashed.sty
Package: slashed 1997/01/16 v0.01 Feynman Slashed Character Notation (DPC)
)
(/usr/local/texlive/2014/texmf-dist/tex/latex/graphics/graphicx.sty
Package: graphicx 2014/04/25 v1.0g Enhanced LaTeX Graphics (DPC,SPQR)

(/usr/local/texlive/2014/texmf-dist/tex/latex/graphics/keyval.sty
Package: keyval 2014/05/08 v1.15 key=value parser (DPC)
\KV@toks@=\toks21
)
(/usr/local/texlive/2014/texmf-dist/tex/latex/graphics/graphics.sty
Package: graphics 2009/02/05 v1.0o Standard LaTeX Graphics (DPC,SPQR)

(/usr/local/texlive/2014/texmf-dist/tex/latex/graphics/trig.sty
Package: trig 1999/03/16 v1.09 sin cos tan (DPC)
)
(/usr/local/texlive/2014/texmf-dist/tex/latex/latexconfig/graphics.cfg
File: graphics.cfg 2010/04/23 v1.9 graphics configuration of TeX Live
)
Package graphics Info: Driver file: dvips.def on input line 91.

(/usr/local/texlive/2014/texmf-dist/tex/latex/graphics/dvips.def
File: dvips.def 2014/04/23 v3.0j Driver-dependant file (DPC,SPQR)
))
\Gin@req@height=\dimen111
\Gin@req@width=\dimen112
)
(/usr/local/texlive/2014/texmf-dist/tex/latex/graphics/color.sty
Package: color 2014/04/23 v1.1a Standard LaTeX Color (DPC)

(/usr/local/texlive/2014/texmf-dist/tex/latex/latexconfig/color.cfg
File: color.cfg 2007/01/18 v1.5 color configuration of teTeX/TeXLive
)
Package color Info: Driver file: dvips.def on input line 137.

(/usr/local/texlive/2014/texmf-dist/tex/latex/graphics/dvipsnam.def
File: dvipsnam.def 2014/04/23 v3.0j Driver-dependant file (DPC,SPQR)
))
Class revtex4-1 Info: Patching LaTeX tabular. on input line 78.
Class revtex4-1 Info: Robustifying \LaTeX's \boldmath command on input line 78.

Class revtex4-1 Info: cite was not loaded (OK!) on input line 78.
Class revtex4-1 Info: mcite was not loaded (OK!) on input line 78.
Class revtex4-1 Info: multicol was not loaded (OK!) on input line 78.

(./paper.aux)
\openout1 = `paper.aux'.

LaTeX Font Info:    Checking defaults for OML/cmm/m/it on input line 78.
LaTeX Font Info:    ... okay on input line 78.
LaTeX Font Info:    Checking defaults for T1/cmr/m/n on input line 78.
LaTeX Font Info:    ... okay on input line 78.
LaTeX Font Info:    Checking defaults for OT1/cmr/m/n on input line 78.
LaTeX Font Info:    ... okay on input line 78.
LaTeX Font Info:    Checking defaults for OMS/cmsy/m/n on input line 78.
LaTeX Font Info:    ... okay on input line 78.
LaTeX Font Info:    Checking defaults for OMX/cmex/m/n on input line 78.
LaTeX Font Info:    ... okay on input line 78.
LaTeX Font Info:    Checking defaults for U/cmr/m/n on input line 78.
LaTeX Font Info:    ... okay on input line 78.
\openout3 = `paperNotes.bib'.

 [1]

Package natbib Warning: Citation `Chatrchyan:2012ufa' on page 2 undefined on in
put line 118.


Package natbib Warning: Citation `Aad:2012tfa' on page 2 undefined on input lin
e 118.


Package natbib Warning: Citation `orig' on page 2 undefined on input line 118.


Package natbib Warning: Citation `Goodenough:2009gk' on page 2 undefined on inp
ut line 123.


Package natbib Warning: Citation `Hooper:2010mq' on page 2 undefined on input l
ine 123.


Package natbib Warning: Citation `Abazajian:2012pn' on page 2 undefined on inpu
t line 123.


Package natbib Warning: Citation `Daylan:2014rsa' on page 2 undefined on input 
line 123.


Package natbib Warning: Citation `Boehm:2014hva' on page 2 undefined on input l
ine 123.


Package natbib Warning: Citation `Abdullah:2014lla' on page 2 undefined on inpu
t line 123.


Package natbib Warning: Citation `Hektor:2014kga' on page 2 undefined on input 
line 123.


Package natbib Warning: Citation `Arina:2014yna' on page 2 undefined on input l
ine 123.


Package natbib Warning: Citation `Cheung:2014lqa' on page 2 undefined on input 
line 123.


Package natbib Warning: Citation `Huang:2014cla' on page 2 undefined on input l
ine 123.


Package natbib Warning: Citation `Cahill-Rowley:2014ora' on page 2 undefined on
 input line 123.


Package natbib Warning: Citation `Guo:2014gra' on page 2 undefined on input lin
e 123.


Package natbib Warning: Citation `Cao:2014efa' on page 2 undefined on input lin
e 123.


Package natbib Warning: Citation `Bi:2015qva' on page 2 undefined on input line
 123.


Package natbib Warning: Citation `Butter:2015fqa' on page 2 undefined on input 
line 123.


Package natbib Warning: Citation `Malik:2014ggr' on page 2 undefined on input l
ine 123.


Package natbib Warning: Citation `Abdallah:2014hon' on page 2 undefined on inpu
t line 123.


Package natbib Warning: Citation `Craig:2015jba' on page 2 undefined on input l
ine 125.


Package natbib Warning: Citation `Hajer:2015gka' on page 2 undefined on input l
ine 125.


Package natbib Warning: Citation `Dolan:2014ska' on page 2 undefined on input l
ine 125.


Package natbib Warning: Citation `D'Ambrosio:2002ex' on page 2 undefined on inp
ut line 125.


Package natbib Warning: Citation `Klamke:2007cu' on page 2 undefined on input l
ine 127.


Package natbib Warning: Citation `Dolan:2014upa' on page 2 undefined on input l
ine 127.


LaTeX Warning: Reference `sec:model' on page 2 undefined on input line 129.


LaTeX Warning: Reference `sec:generation' on page 2 undefined on input line 129
.


LaTeX Warning: Reference `sec:analysis' on page 2 undefined on input line 129.


LaTeX Warning: Reference `sec:limit' on page 2 undefined on input line 129.


LaTeX Warning: Reference `sec:interpretation' on page 2 undefined on input line
 129.


LaTeX Warning: Reference `sec:conclusion' on page 2 undefined on input line 129
.


Package natbib Warning: Citation `Alves:2011wf' on page 2 undefined on input li
ne 135.


Package natbib Warning: Citation `Buckley:2014fba' on page 2 undefined on input
 line 146.


Package natbib Warning: Citation `Harris:2014hga' on page 2 undefined on input 
line 146.


Package natbib Warning: Citation `Haisch:2015ioa' on page 2 undefined on input 
line 146.


Package natbib Warning: Citation `Khoze:2015sra' on page 2 undefined on input l
ine 146.

[2]

Package natbib Warning: Citation `Alwall:2011uj' on page 3 undefined on input l
ine 156.


Package natbib Warning: Citation `Nadolsky:2008zw' on page 3 undefined on input
 line 156.


Package natbib Warning: Citation `Sjostrand:2006za' on page 3 undefined on inpu
t line 157.


Package natbib Warning: Citation `Skands:2010ak' on page 3 undefined on input l
ine 158.


LaTeX Warning: Reference `eq:lagrangian' on page 3 undefined on input line 162.



Package natbib Warning: Citation `Alloul:2013bka' on page 3 undefined on input 
line 163.


Package natbib Warning: Citation `Degrande:2011ua' on page 3 undefined on input
 line 163.


LaTeX Warning: Reference `tab:sigma_ttA' on page 3 undefined on input line 164.



LaTeX Warning: Reference `fig:xsect_pTA_ttA' on page 3 undefined on input line 
167.


Package natbib Warning: Citation `Frederix:2011zi' on page 3 undefined on input
 line 169.


LaTeX Warning: Reference `fig:xsect_pTA_ttA' on page 3 undefined on input line 
173.


LaTeX Warning: Reference `sec:analysis' on page 3 undefined on input line 174.


LaTeX Warning: File `Figures/XSec.eps' not found on input line 198.


! LaTeX Error: File `Figures/XSec.eps' not found.

See the LaTeX manual or LaTeX Companion for explanation.
Type  H <return>  for immediate help.
 ...                                              
                                                  
l.198 ...cs[width=0.4\textwidth]{Figures/XSec.eps}
                                                   &
? 
! Emergency stop.
 ...                                              
                                                  
l.198 ...cs[width=0.4\textwidth]{Figures/XSec.eps}
                                                   &
Try typing  <return>  to proceed.
If that doesn't work, type  X <return>  to quit.

 
Here is how much of TeX's memory you used:
 3348 strings out of 493118
 42366 string characters out of 6135460
 120559 words of memory out of 5000000
 6809 multiletter control sequences out of 15000+600000
 9371 words of font info for 34 fonts, out of 8000000 for 9000
 1141 hyphenation exceptions out of 8191
 29i,10n,23p,1076b,410s stack positions out of 5000i,500n,10000p,200000b,80000s
Output written on paper.dvi (2 pages, 10428 bytes).
