This is pdfTeX, Version 3.14159265-2.6-1.40.15 (TeX Live 2014/MacPorts 2014_9) (preloaded format=pdflatex 2015.1.1)  24 JUL 2015 20:38
entering extended mode
 restricted \write18 enabled.
 file:line:error style messages enabled.
 %&-line parsing enabled.
**paper.tex
(./paper.tex
LaTeX2e <2014/05/01>
Babel <3.9k> and hyphenation patterns for 43 languages loaded.
(/opt/local/share/texmf-texlive/tex/latex/revtex4/revtex4.cls
Document Class: revtex4 2001/08/02 v4.0 (http://publish.aps.org/revtex4/ for do
cumentation)
 Copyright (c) 2001 The American Physical Society.
 mailto:revtex@aps.org
 Licensed under the LPPL:
http://www.ctan.org/tex-archive/macros/latex/base/lppl.txt
 Arthur Ogawa <ogawa@teleport.com>
 Based on work by David Carlisle <david@dcarlisle.demon.co.uk>.
ltxutil: portions licensed from W. E. Baxter (web@superscript.com)
Class revtex4 Info: Repairing broken LateX \@sect on input line 596.
\intertabularlinepenalty=\count79
\@tbpen=\count80
\@arstrutbox@hline=\box26
Class revtex4 Info: Repairing broken LaTeX \@xbitor on input line 1610.
ltxgrid: portions licensed from W. E. Baxter (web@superscript.com)
\c@linecount=\count81
\output=\toks14
\@protection@box=\box27
\@topmark@saved=\toks15
\footins@saved=\box28
\pagesofar=\box29
\footbox=\box30
\pagegrid@col=\count82
Class revtex4 Info: Incorporating package {textcase}  [1998/11/12 v0.06 Text on
ly upper/lower case changing (DPC)]. on input line 3682.
(/opt/local/share/texmf-texlive/tex/latex/url/url.sty
\Urlmuskip=\muskip10
Package: url 2013/09/16  ver 3.4  Verb mode for urls, etc.
)
\c@affil=\count83
\absbox=\box31
\c@part=\count84
\c@section=\count85
\c@subsection=\count86
\c@subsubsection=\count87
\c@paragraph=\count88
\c@subparagraph=\count89
\abovecaptionskip=\skip41
\belowcaptionskip=\skip42
\c@figure=\count90
\c@table=\count91

(/opt/local/share/texmf-texlive/tex/latex/natbib/natbib.sty
Package: natbib 2010/09/13 8.31b (PWD, AO)
\bibhang=\skip43
\bibsep=\skip44
LaTeX Info: Redefining \cite on input line 694.
\c@NAT@ctr=\count92
)
\widetext@top=\box32
\widetext@bot=\box33

(/opt/local/share/texmf-texlive/tex/latex/revtex4/revsymb.sty
Package: revsymb 2001/08/02 v4.0 (http://publish.aps.org/revtex4/ for documenta
tion)
LaTeX Info: Redefining \REV@mathfrak on input line 118.
))
(/opt/local/share/texmf-texlive/tex/latex/revtex4/aps.rtx
File: aps.rtx 2001/08/02 v4.0 (http://publish.aps.org/revtex4/ for documentatio
n)
)
(/opt/local/share/texmf-texlive/tex/latex/revtex4/10pt.rtx
File: 10pt.rtx 2001/08/02 v4.0 (http://publish.aps.org/revtex4/ for documentati
on)
)
(/opt/local/share/texmf-texlive/tex/latex/amsmath/amsmath.sty
Package: amsmath 2013/01/14 v2.14 AMS math features
\@mathmargin=\skip45

For additional information on amsmath, use the `?' option.
(/opt/local/share/texmf-texlive/tex/latex/amsmath/amstext.sty
Package: amstext 2000/06/29 v2.01

(/opt/local/share/texmf-texlive/tex/latex/amsmath/amsgen.sty
File: amsgen.sty 1999/11/30 v2.0
\@emptytoks=\toks16
\ex@=\dimen102
))
(/opt/local/share/texmf-texlive/tex/latex/amsmath/amsbsy.sty
Package: amsbsy 1999/11/29 v1.2d
\pmbraise@=\dimen103
)
(/opt/local/share/texmf-texlive/tex/latex/amsmath/amsopn.sty
Package: amsopn 1999/12/14 v2.01 operator names
)
\inf@bad=\count93
LaTeX Info: Redefining \frac on input line 210.
\uproot@=\count94
\leftroot@=\count95
LaTeX Info: Redefining \overline on input line 306.
\classnum@=\count96
\DOTSCASE@=\count97
LaTeX Info: Redefining \ldots on input line 378.
LaTeX Info: Redefining \dots on input line 381.
LaTeX Info: Redefining \cdots on input line 466.
\Mathstrutbox@=\box34
\strutbox@=\box35
\big@size=\dimen104
LaTeX Font Info:    Redeclaring font encoding OML on input line 566.
LaTeX Font Info:    Redeclaring font encoding OMS on input line 567.
\macc@depth=\count98
\c@MaxMatrixCols=\count99
\dotsspace@=\muskip11
\c@parentequation=\count100
\dspbrk@lvl=\count101
\tag@help=\toks17
\row@=\count102
\column@=\count103
\maxfields@=\count104
\andhelp@=\toks18
\eqnshift@=\dimen105
\alignsep@=\dimen106
\tagshift@=\dimen107
\tagwidth@=\dimen108
\totwidth@=\dimen109
\lineht@=\dimen110
\@envbody=\toks19
\multlinegap=\skip46
\multlinetaggap=\skip47
\mathdisplay@stack=\toks20
LaTeX Info: Redefining \[ on input line 2665.
LaTeX Info: Redefining \] on input line 2666.
)
(/opt/local/share/texmf-texlive/tex/latex/carlisle/slashed.sty
Package: slashed 1997/01/16 v0.01 Feynman Slashed Character Notation (DPC)
)
(/opt/local/share/texmf-texlive/tex/latex/graphics/graphicx.sty
Package: graphicx 2014/04/25 v1.0g Enhanced LaTeX Graphics (DPC,SPQR)

(/opt/local/share/texmf-texlive/tex/latex/graphics/keyval.sty
Package: keyval 2014/05/08 v1.15 key=value parser (DPC)
\KV@toks@=\toks21
)
(/opt/local/share/texmf-texlive/tex/latex/graphics/graphics.sty
Package: graphics 2009/02/05 v1.0o Standard LaTeX Graphics (DPC,SPQR)

(/opt/local/share/texmf-texlive/tex/latex/graphics/trig.sty
Package: trig 1999/03/16 v1.09 sin cos tan (DPC)
)
(/opt/local/share/texmf-texlive/tex/latex/latexconfig/graphics.cfg
File: graphics.cfg 2010/04/23 v1.9 graphics configuration of TeX Live
)
Package graphics Info: Driver file: pdftex.def on input line 91.

(/opt/local/share/texmf-texlive/tex/latex/pdftex-def/pdftex.def
File: pdftex.def 2011/05/27 v0.06d Graphics/color for pdfTeX

(/opt/local/share/texmf-texlive/tex/generic/oberdiek/infwarerr.sty
Package: infwarerr 2010/04/08 v1.3 Providing info/warning/error messages (HO)
)
(/opt/local/share/texmf-texlive/tex/generic/oberdiek/ltxcmds.sty
Package: ltxcmds 2011/11/09 v1.22 LaTeX kernel commands for general use (HO)
)
\Gread@gobject=\count105
))
\Gin@req@height=\dimen111
\Gin@req@width=\dimen112
)
(/opt/local/share/texmf-texlive/tex/latex/graphics/color.sty
Package: color 2014/04/23 v1.1a Standard LaTeX Color (DPC)

(/opt/local/share/texmf-texlive/tex/latex/latexconfig/color.cfg
File: color.cfg 2007/01/18 v1.5 color configuration of teTeX/TeXLive
)
Package color Info: Driver file: pdftex.def on input line 137.
) (./paper.aux)
\openout1 = `paper.aux'.

LaTeX Font Info:    Checking defaults for OML/cmm/m/it on input line 78.
LaTeX Font Info:    ... okay on input line 78.
LaTeX Font Info:    Checking defaults for T1/cmr/m/n on input line 78.
LaTeX Font Info:    ... okay on input line 78.
LaTeX Font Info:    Checking defaults for OT1/cmr/m/n on input line 78.
LaTeX Font Info:    ... okay on input line 78.
LaTeX Font Info:    Checking defaults for OMS/cmsy/m/n on input line 78.
LaTeX Font Info:    ... okay on input line 78.
LaTeX Font Info:    Checking defaults for OMX/cmex/m/n on input line 78.
LaTeX Font Info:    ... okay on input line 78.
LaTeX Font Info:    Checking defaults for U/cmr/m/n on input line 78.
LaTeX Font Info:    ... okay on input line 78.
Class revtex4 Info: Patching LaTeX tabular. on input line 78.
Class revtex4 Info: cite was not loaded (OK!) on input line 78.
Class revtex4 Info: multicol was not loaded (OK!) on input line 78.
(/opt/local/share/texmf-texlive/tex/context/base/supp-pdf.mkii
[Loading MPS to PDF converter (version 2006.09.02).]
\scratchcounter=\count106
\scratchdimen=\dimen113
\scratchbox=\box36
\nofMPsegments=\count107
\nofMParguments=\count108
\everyMPshowfont=\toks22
\MPscratchCnt=\count109
\MPscratchDim=\dimen114
\MPnumerator=\count110
\makeMPintoPDFobject=\count111
\everyMPtoPDFconversion=\toks23
) (/opt/local/share/texmf-texlive/tex/generic/oberdiek/pdftexcmds.sty
Package: pdftexcmds 2011/11/29 v0.20 Utility functions of pdfTeX for LuaTeX (HO
)

(/opt/local/share/texmf-texlive/tex/generic/oberdiek/ifluatex.sty
Package: ifluatex 2010/03/01 v1.3 Provides the ifluatex switch (HO)
Package ifluatex Info: LuaTeX not detected.
)
(/opt/local/share/texmf-texlive/tex/generic/oberdiek/ifpdf.sty
Package: ifpdf 2011/01/30 v2.3 Provides the ifpdf switch (HO)
Package ifpdf Info: pdfTeX in PDF mode is detected.
)
Package pdftexcmds Info: LuaTeX not detected.
Package pdftexcmds Info: \pdf@primitive is available.
Package pdftexcmds Info: \pdf@ifprimitive is available.
Package pdftexcmds Info: \pdfdraftmode found.
)
(/opt/local/share/texmf-texlive/tex/latex/oberdiek/epstopdf-base.sty
Package: epstopdf-base 2010/02/09 v2.5 Base part for package epstopdf

(/opt/local/share/texmf-texlive/tex/latex/oberdiek/grfext.sty
Package: grfext 2010/08/19 v1.1 Manage graphics extensions (HO)

(/opt/local/share/texmf-texlive/tex/generic/oberdiek/kvdefinekeys.sty
Package: kvdefinekeys 2011/04/07 v1.3 Define keys (HO)
))
(/opt/local/share/texmf-texlive/tex/latex/oberdiek/kvoptions.sty
Package: kvoptions 2011/06/30 v3.11 Key value format for package options (HO)

(/opt/local/share/texmf-texlive/tex/generic/oberdiek/kvsetkeys.sty
Package: kvsetkeys 2012/04/25 v1.16 Key value parser (HO)

(/opt/local/share/texmf-texlive/tex/generic/oberdiek/etexcmds.sty
Package: etexcmds 2011/02/16 v1.5 Avoid name clashes with e-TeX commands (HO)
Package etexcmds Info: Could not find \expanded.
(etexcmds)             That can mean that you are not using pdfTeX 1.50 or
(etexcmds)             that some package has redefined \expanded.
(etexcmds)             In the latter case, load this package earlier.
)))
Package grfext Info: Graphics extension search list:
(grfext)             [.pdf,.png,.jpg,.eps]
(grfext)             \AppendGraphicsExtensions on input line 452.

(/opt/local/share/texmf-texlive/tex/latex/latexconfig/epstopdf-sys.cfg
File: epstopdf-sys.cfg 2010/07/13 v1.3 Configuration of (r)epstopdf for TeX Liv
e
))
(./intro.tex [1{/opt/local/var/db/texmf/fonts/map/pdftex/updmap/pdftex.map}])
(./sec2_model.tex) (./sec3.tex
Package epstopdf Info: Source file: <Figures/XSec.eps>
(epstopdf)                    date: 2015-07-24 10:07:03
(epstopdf)                    size: 7544 bytes
(epstopdf)             Output file: <Figures/XSec-eps-converted-to.pdf>
(epstopdf)                    date: 2015-07-24 10:07:07
(epstopdf)                    size: 7357 bytes
(epstopdf)             Command: <repstopdf --outfile=Figures/XSec-eps-converted
-to.pdf Figures/XSec.eps>
(epstopdf)             \includegraphics on input line 49.
Package epstopdf Info: Output file is already uptodate.

<Figures/XSec-eps-converted-to.pdf, id=21, 569.12625pt x 546.04pt>
File: Figures/XSec-eps-converted-to.pdf Graphic file (type pdf)

<use Figures/XSec-eps-converted-to.pdf>
Package pdftex.def Info: Figures/XSec-eps-converted-to.pdf used on input line 4
9.
(pdftex.def)             Requested size: 203.99689pt x 195.7244pt.
Package epstopdf Info: Source file: <Figures/hpt.eps>
(epstopdf)                    date: 2015-07-24 10:11:38
(epstopdf)                    size: 11838 bytes
(epstopdf)             Output file: <Figures/hpt-eps-converted-to.pdf>
(epstopdf)                    date: 2015-07-24 10:11:42
(epstopdf)                    size: 7696 bytes
(epstopdf)             Command: <repstopdf --outfile=Figures/hpt-eps-converted-
to.pdf Figures/hpt.eps>
(epstopdf)             \includegraphics on input line 50.
Package epstopdf Info: Output file is already uptodate.

<Figures/hpt-eps-converted-to.pdf, id=22, 569.12625pt x 546.04pt>
File: Figures/hpt-eps-converted-to.pdf Graphic file (type pdf)

<use Figures/hpt-eps-converted-to.pdf>
Package pdftex.def Info: Figures/hpt-eps-converted-to.pdf used on input line 50
.
(pdftex.def)             Requested size: 203.99689pt x 195.7244pt.
 [2] [3 <./Figures/XSec-eps-converted-to.pdf> <./Figures/hpt-eps-converted-to.p
df>]) (./sec4.tex
Package epstopdf Info: Source file: <Figures/DRbb.eps>
(epstopdf)                    date: 2015-07-02 07:04:40
(epstopdf)                    size: 9754 bytes
(epstopdf)             Output file: <Figures/DRbb-eps-converted-to.pdf>
(epstopdf)                    date: 2015-07-03 08:37:30
(epstopdf)                    size: 7792 bytes
(epstopdf)             Command: <repstopdf --outfile=Figures/DRbb-eps-converted
-to.pdf Figures/DRbb.eps>
(epstopdf)             \includegraphics on input line 27.
Package epstopdf Info: Output file is already uptodate.

<Figures/DRbb-eps-converted-to.pdf, id=45, 569.12625pt x 546.04pt>
File: Figures/DRbb-eps-converted-to.pdf Graphic file (type pdf)

<use Figures/DRbb-eps-converted-to.pdf>
Package pdftex.def Info: Figures/DRbb-eps-converted-to.pdf used on input line 2
7.
(pdftex.def)             Requested size: 203.99689pt x 195.7244pt.
Package epstopdf Info: Source file: <Figures/DRbb2.eps>
(epstopdf)                    date: 2015-07-02 07:05:16
(epstopdf)                    size: 9886 bytes
(epstopdf)             Output file: <Figures/DRbb2-eps-converted-to.pdf>
(epstopdf)                    date: 2015-07-03 08:37:32
(epstopdf)                    size: 8178 bytes
(epstopdf)             Command: <repstopdf --outfile=Figures/DRbb2-eps-converte
d-to.pdf Figures/DRbb2.eps>
(epstopdf)             \includegraphics on input line 28.
Package epstopdf Info: Output file is already uptodate.

<Figures/DRbb2-eps-converted-to.pdf, id=46, 569.12625pt x 546.04pt>
File: Figures/DRbb2-eps-converted-to.pdf Graphic file (type pdf)

<use Figures/DRbb2-eps-converted-to.pdf>
Package pdftex.def Info: Figures/DRbb2-eps-converted-to.pdf used on input line 
28.
(pdftex.def)             Requested size: 203.99689pt x 195.7244pt.
 [4]

LaTeX Warning: `h' float specifier changed to `ht'.

Package epstopdf Info: Source file: <Figures/21stJuly/tta20/VD_1.eps>
(epstopdf)                    date: 2015-07-21 13:59:59
(epstopdf)                    size: 37392 bytes
(epstopdf)             Output file: <Figures/21stJuly/tta20/VD_1-eps-converted-
to.pdf>
(epstopdf)                    date: 2015-07-24 07:01:05
(epstopdf)                    size: 15717 bytes
(epstopdf)             Command: <repstopdf --outfile=Figures/21stJuly/tta20/VD_
1-eps-converted-to.pdf Figures/21stJuly/tta20/VD_1.eps>
(epstopdf)             \includegraphics on input line 134.
Package epstopdf Info: Output file is already uptodate.

<Figures/21stJuly/tta20/VD_1-eps-converted-to.pdf, id=51, 569.12625pt x 641.396
26pt>
File: Figures/21stJuly/tta20/VD_1-eps-converted-to.pdf Graphic file (type pdf)
 <use Figures/21stJuly/tta20/VD_1-eps-converted-to.pdf>
Package pdftex.def Info: Figures/21stJuly/tta20/VD_1-eps-converted-to.pdf used 
on input line 134.
(pdftex.def)             Requested size: 153.00156pt x 172.4257pt.
Package epstopdf Info: Source file: <Figures/21stJuly/tta30/VD_1.eps>
(epstopdf)                    date: 2015-07-21 14:05:02
(epstopdf)                    size: 38299 bytes
(epstopdf)             Output file: <Figures/21stJuly/tta30/VD_1-eps-converted-
to.pdf>
(epstopdf)                    date: 2015-07-23 07:15:13
(epstopdf)                    size: 15903 bytes
(epstopdf)             Command: <repstopdf --outfile=Figures/21stJuly/tta30/VD_
1-eps-converted-to.pdf Figures/21stJuly/tta30/VD_1.eps>
(epstopdf)             \includegraphics on input line 135.
Package epstopdf Info: Output file is already uptodate.

<Figures/21stJuly/tta30/VD_1-eps-converted-to.pdf, id=52, 569.12625pt x 641.396
26pt>
File: Figures/21stJuly/tta30/VD_1-eps-converted-to.pdf Graphic file (type pdf)
 <use Figures/21stJuly/tta30/VD_1-eps-converted-to.pdf>
Package pdftex.def Info: Figures/21stJuly/tta30/VD_1-eps-converted-to.pdf used 
on input line 135.
(pdftex.def)             Requested size: 153.00156pt x 172.4257pt.
Package epstopdf Info: Source file: <Figures/21stJuly/tta40/VD_1.eps>
(epstopdf)                    date: 2015-07-21 14:06:01
(epstopdf)                    size: 37550 bytes
(epstopdf)             Output file: <Figures/21stJuly/tta40/VD_1-eps-converted-
to.pdf>
(epstopdf)                    date: 2015-07-23 07:15:14
(epstopdf)                    size: 15751 bytes
(epstopdf)             Command: <repstopdf --outfile=Figures/21stJuly/tta40/VD_
1-eps-converted-to.pdf Figures/21stJuly/tta40/VD_1.eps>
(epstopdf)             \includegraphics on input line 136.
Package epstopdf Info: Output file is already uptodate.

<Figures/21stJuly/tta40/VD_1-eps-converted-to.pdf, id=53, 569.12625pt x 641.396
26pt>
File: Figures/21stJuly/tta40/VD_1-eps-converted-to.pdf Graphic file (type pdf)
 <use Figures/21stJuly/tta40/VD_1-eps-converted-to.pdf>
Package pdftex.def Info: Figures/21stJuly/tta40/VD_1-eps-converted-to.pdf used 
on input line 136.
(pdftex.def)             Requested size: 153.00156pt x 172.4257pt.
Package epstopdf Info: Source file: <Figures/21stJuly/tta20/VD_2.eps>
(epstopdf)                    date: 2015-07-21 13:59:59
(epstopdf)                    size: 39101 bytes
(epstopdf)             Output file: <Figures/21stJuly/tta20/VD_2-eps-converted-
to.pdf>
(epstopdf)                    date: 2015-07-23 07:15:15
(epstopdf)                    size: 16026 bytes
(epstopdf)             Command: <repstopdf --outfile=Figures/21stJuly/tta20/VD_
2-eps-converted-to.pdf Figures/21stJuly/tta20/VD_2.eps>
(epstopdf)             \includegraphics on input line 137.
Package epstopdf Info: Output file is already uptodate.

<Figures/21stJuly/tta20/VD_2-eps-converted-to.pdf, id=54, 569.12625pt x 641.396
26pt>
File: Figures/21stJuly/tta20/VD_2-eps-converted-to.pdf Graphic file (type pdf)
 <use Figures/21stJuly/tta20/VD_2-eps-converted-to.pdf>
Package pdftex.def Info: Figures/21stJuly/tta20/VD_2-eps-converted-to.pdf used 
on input line 137.
(pdftex.def)             Requested size: 153.00156pt x 172.4257pt.
Package epstopdf Info: Source file: <Figures/21stJuly/tta30/VD_2.eps>
(epstopdf)                    date: 2015-07-21 14:05:02
(epstopdf)                    size: 37755 bytes
(epstopdf)             Output file: <Figures/21stJuly/tta30/VD_2-eps-converted-
to.pdf>
(epstopdf)                    date: 2015-07-23 07:15:16
(epstopdf)                    size: 15790 bytes
(epstopdf)             Command: <repstopdf --outfile=Figures/21stJuly/tta30/VD_
2-eps-converted-to.pdf Figures/21stJuly/tta30/VD_2.eps>
(epstopdf)             \includegraphics on input line 138.
Package epstopdf Info: Output file is already uptodate.

<Figures/21stJuly/tta30/VD_2-eps-converted-to.pdf, id=55, 569.12625pt x 641.396
26pt>
File: Figures/21stJuly/tta30/VD_2-eps-converted-to.pdf Graphic file (type pdf)
 <use Figures/21stJuly/tta30/VD_2-eps-converted-to.pdf>
Package pdftex.def Info: Figures/21stJuly/tta30/VD_2-eps-converted-to.pdf used 
on input line 138.
(pdftex.def)             Requested size: 153.00156pt x 172.4257pt.
Package epstopdf Info: Source file: <Figures/21stJuly/tta40/VD_2.eps>
(epstopdf)                    date: 2015-07-21 14:06:01
(epstopdf)                    size: 39478 bytes
(epstopdf)             Output file: <Figures/21stJuly/tta40/VD_2-eps-converted-
to.pdf>
(epstopdf)                    date: 2015-07-23 07:15:17
(epstopdf)                    size: 16027 bytes
(epstopdf)             Command: <repstopdf --outfile=Figures/21stJuly/tta40/VD_
2-eps-converted-to.pdf Figures/21stJuly/tta40/VD_2.eps>
(epstopdf)             \includegraphics on input line 139.
Package epstopdf Info: Output file is already uptodate.

<Figures/21stJuly/tta40/VD_2-eps-converted-to.pdf, id=56, 569.12625pt x 641.396
26pt>
File: Figures/21stJuly/tta40/VD_2-eps-converted-to.pdf Graphic file (type pdf)
 <use Figures/21stJuly/tta40/VD_2-eps-converted-to.pdf>
Package pdftex.def Info: Figures/21stJuly/tta40/VD_2-eps-converted-to.pdf used 
on input line 139.
(pdftex.def)             Requested size: 153.00156pt x 172.4257pt.
Package epstopdf Info: Source file: <Figures/21stJuly/tta60/VD_1.eps>
(epstopdf)                    date: 2015-07-21 14:07:04
(epstopdf)                    size: 44513 bytes
(epstopdf)             Output file: <Figures/21stJuly/tta60/VD_1-eps-converted-
to.pdf>
(epstopdf)                    date: 2015-07-23 07:15:19
(epstopdf)                    size: 17997 bytes
(epstopdf)             Command: <repstopdf --outfile=Figures/21stJuly/tta60/VD_
1-eps-converted-to.pdf Figures/21stJuly/tta60/VD_1.eps>
(epstopdf)             \includegraphics on input line 160.
Package epstopdf Info: Output file is already uptodate.

<Figures/21stJuly/tta60/VD_1-eps-converted-to.pdf, id=57, 569.12625pt x 641.396
26pt>
File: Figures/21stJuly/tta60/VD_1-eps-converted-to.pdf Graphic file (type pdf)
 <use Figures/21stJuly/tta60/VD_1-eps-converted-to.pdf>
Package pdftex.def Info: Figures/21stJuly/tta60/VD_1-eps-converted-to.pdf used 
on input line 160.
(pdftex.def)             Requested size: 153.00156pt x 172.4257pt.
Package epstopdf Info: Source file: <Figures/21stJuly/tta80/VD_1.eps>
(epstopdf)                    date: 2015-07-21 14:22:33
(epstopdf)                    size: 35791 bytes
(epstopdf)             Output file: <Figures/21stJuly/tta80/VD_1-eps-converted-
to.pdf>
(epstopdf)                    date: 2015-07-23 07:15:20
(epstopdf)                    size: 15073 bytes
(epstopdf)             Command: <repstopdf --outfile=Figures/21stJuly/tta80/VD_
1-eps-converted-to.pdf Figures/21stJuly/tta80/VD_1.eps>
(epstopdf)             \includegraphics on input line 161.
Package epstopdf Info: Output file is already uptodate.

<Figures/21stJuly/tta80/VD_1-eps-converted-to.pdf, id=58, 569.12625pt x 641.396
26pt>
File: Figures/21stJuly/tta80/VD_1-eps-converted-to.pdf Graphic file (type pdf)
 <use Figures/21stJuly/tta80/VD_1-eps-converted-to.pdf>
Package pdftex.def Info: Figures/21stJuly/tta80/VD_1-eps-converted-to.pdf used 
on input line 161.
(pdftex.def)             Requested size: 153.00156pt x 172.4257pt.
Package epstopdf Info: Source file: <Figures/21stJuly/tta100/VD_1.eps>
(epstopdf)                    date: 2015-07-21 14:26:45
(epstopdf)                    size: 31944 bytes
(epstopdf)             Output file: <Figures/21stJuly/tta100/VD_1-eps-converted
-to.pdf>
(epstopdf)                    date: 2015-07-23 07:15:21
(epstopdf)                    size: 14471 bytes
(epstopdf)             Command: <repstopdf --outfile=Figures/21stJuly/tta100/VD
_1-eps-converted-to.pdf Figures/21stJuly/tta100/VD_1.eps>
(epstopdf)             \includegraphics on input line 162.
Package epstopdf Info: Output file is already uptodate.

<Figures/21stJuly/tta100/VD_1-eps-converted-to.pdf, id=59, 569.12625pt x 641.39
626pt>
File: Figures/21stJuly/tta100/VD_1-eps-converted-to.pdf Graphic file (type pdf)

 <use Figures/21stJuly/tta100/VD_1-eps-converted-to.pdf>
Package pdftex.def Info: Figures/21stJuly/tta100/VD_1-eps-converted-to.pdf used
 on input line 162.
(pdftex.def)             Requested size: 153.00156pt x 172.4257pt.
Package epstopdf Info: Source file: <Figures/21stJuly/tta60/VD_2.eps>
(epstopdf)                    date: 2015-07-21 14:07:05
(epstopdf)                    size: 45160 bytes
(epstopdf)             Output file: <Figures/21stJuly/tta60/VD_2-eps-converted-
to.pdf>
(epstopdf)                    date: 2015-07-23 07:15:23
(epstopdf)                    size: 18016 bytes
(epstopdf)             Command: <repstopdf --outfile=Figures/21stJuly/tta60/VD_
2-eps-converted-to.pdf Figures/21stJuly/tta60/VD_2.eps>
(epstopdf)             \includegraphics on input line 163.
Package epstopdf Info: Output file is already uptodate.

<Figures/21stJuly/tta60/VD_2-eps-converted-to.pdf, id=60, 569.12625pt x 641.396
26pt>
File: Figures/21stJuly/tta60/VD_2-eps-converted-to.pdf Graphic file (type pdf)
 <use Figures/21stJuly/tta60/VD_2-eps-converted-to.pdf>
Package pdftex.def Info: Figures/21stJuly/tta60/VD_2-eps-converted-to.pdf used 
on input line 163.
(pdftex.def)             Requested size: 153.00156pt x 172.4257pt.
Package epstopdf Info: Source file: <Figures/21stJuly/tta80/VD_2.eps>
(epstopdf)                    date: 2015-07-21 14:22:34
(epstopdf)                    size: 36056 bytes
(epstopdf)             Output file: <Figures/21stJuly/tta80/VD_2-eps-converted-
to.pdf>
(epstopdf)                    date: 2015-07-23 07:15:24
(epstopdf)                    size: 15086 bytes
(epstopdf)             Command: <repstopdf --outfile=Figures/21stJuly/tta80/VD_
2-eps-converted-to.pdf Figures/21stJuly/tta80/VD_2.eps>
(epstopdf)             \includegraphics on input line 164.
Package epstopdf Info: Output file is already uptodate.

<Figures/21stJuly/tta80/VD_2-eps-converted-to.pdf, id=61, 569.12625pt x 641.396
26pt>
File: Figures/21stJuly/tta80/VD_2-eps-converted-to.pdf Graphic file (type pdf)
 <use Figures/21stJuly/tta80/VD_2-eps-converted-to.pdf>
Package pdftex.def Info: Figures/21stJuly/tta80/VD_2-eps-converted-to.pdf used 
on input line 164.
(pdftex.def)             Requested size: 153.00156pt x 172.4257pt.
Package epstopdf Info: Source file: <Figures/21stJuly/tta100/VD_2.eps>
(epstopdf)                    date: 2015-07-21 14:26:46
(epstopdf)                    size: 34503 bytes
(epstopdf)             Output file: <Figures/21stJuly/tta100/VD_2-eps-converted
-to.pdf>
(epstopdf)                    date: 2015-07-23 07:15:25
(epstopdf)                    size: 14904 bytes
(epstopdf)             Command: <repstopdf --outfile=Figures/21stJuly/tta100/VD
_2-eps-converted-to.pdf Figures/21stJuly/tta100/VD_2.eps>
(epstopdf)             \includegraphics on input line 165.
Package epstopdf Info: Output file is already uptodate.

<Figures/21stJuly/tta100/VD_2-eps-converted-to.pdf, id=62, 569.12625pt x 641.39
626pt>
File: Figures/21stJuly/tta100/VD_2-eps-converted-to.pdf Graphic file (type pdf)

 <use Figures/21stJuly/tta100/VD_2-eps-converted-to.pdf>
Package pdftex.def Info: Figures/21stJuly/tta100/VD_2-eps-converted-to.pdf used
 on input line 165.
(pdftex.def)             Requested size: 153.00156pt x 172.4257pt.
 [5 <./Figures/DRbb-eps-converted-to.pdf> <./Figures/DRbb2-eps-converted-to.pdf
>] [6])
(./sec5_limits.tex [7 <./Figures/21stJuly/tta20/VD_1-eps-converted-to.pdf> <./F
igures/21stJuly/tta30/VD_1-eps-converted-to.pdf> <./Figures/21stJuly/tta40/VD_1
-eps-converted-to.pdf> <./Figures/21stJuly/tta20/VD_2-eps-converted-to.pdf> <./
Figures/21stJuly/tta30/VD_2-eps-converted-to.pdf> <./Figures/21stJuly/tta40/VD_
2-eps-converted-to.pdf>]
Package epstopdf Info: Source file: <Figures/BrasilianPlots/TTA_14_30.eps>
(epstopdf)                    date: 2015-07-02 07:31:56
(epstopdf)                    size: 15608 bytes
(epstopdf)             Output file: <Figures/BrasilianPlots/TTA_14_30-eps-conve
rted-to.pdf>
(epstopdf)                    date: 2015-07-03 08:37:34
(epstopdf)                    size: 10984 bytes
(epstopdf)             Command: <repstopdf --outfile=Figures/BrasilianPlots/TTA
_14_30-eps-converted-to.pdf Figures/BrasilianPlots/TTA_14_30.eps>
(epstopdf)             \includegraphics on input line 17.
Package epstopdf Info: Output file is already uptodate.

<Figures/BrasilianPlots/TTA_14_30-eps-converted-to.pdf, id=146, 569.12625pt x 3
87.4475pt>
File: Figures/BrasilianPlots/TTA_14_30-eps-converted-to.pdf Graphic file (type 
pdf)
 <use Figures/BrasilianPlots/TTA_14_30-eps-converted-to.pdf>
Package pdftex.def Info: Figures/BrasilianPlots/TTA_14_30-eps-converted-to.pdf 
used on input line 17.
(pdftex.def)             Requested size: 229.49844pt x 156.23549pt.
Package epstopdf Info: Source file: <Figures/BrasilianPlots/TTA_14_300.eps>
(epstopdf)                    date: 2015-07-02 07:35:06
(epstopdf)                    size: 15763 bytes
(epstopdf)             Output file: <Figures/BrasilianPlots/TTA_14_300-eps-conv
erted-to.pdf>
(epstopdf)                    date: 2015-07-03 08:37:35
(epstopdf)                    size: 10965 bytes
(epstopdf)             Command: <repstopdf --outfile=Figures/BrasilianPlots/TTA
_14_300-eps-converted-to.pdf Figures/BrasilianPlots/TTA_14_300.eps>
(epstopdf)             \includegraphics on input line 18.
Package epstopdf Info: Output file is already uptodate.

<Figures/BrasilianPlots/TTA_14_300-eps-converted-to.pdf, id=147, 569.12625pt x 
387.4475pt>
File: Figures/BrasilianPlots/TTA_14_300-eps-converted-to.pdf Graphic file (type
 pdf)
 <use Figures/BrasilianPlots/TTA_14_300-eps-converted-to.pdf>
Package pdftex.def Info: Figures/BrasilianPlots/TTA_14_300-eps-converted-to.pdf
 used on input line 18.
(pdftex.def)             Requested size: 229.49844pt x 156.23549pt.


LaTeX Warning: `h' float specifier changed to `ht'.


LaTeX Warning: `!h' float specifier changed to `!ht'.

) (./sec6_interp.tex [8 <./Figures/21stJuly/tta60/VD_1-eps-converted-to.pdf> <.
/Figures/21stJuly/tta80/VD_1-eps-converted-to.pdf> <./Figures/21stJuly/tta100/V
D_1-eps-converted-to.pdf> <./Figures/21stJuly/tta60/VD_2-eps-converted-to.pdf> 
<./Figures/21stJuly/tta80/VD_2-eps-converted-to.pdf> <./Figures/21stJuly/tta100
/VD_2-eps-converted-to.pdf>] [9 <./Figures/BrasilianPlots/TTA_14_30-eps-convert
ed-to.pdf> <./Figures/BrasilianPlots/TTA_14_300-eps-converted-to.pdf>]
<Figures/pheno/plot_Brhaa_2HDM.pdf, id=228, 361.35pt x 285.12924pt>
File: Figures/pheno/plot_Brhaa_2HDM.pdf Graphic file (type pdf)

<use Figures/pheno/plot_Brhaa_2HDM.pdf>
Package pdftex.def Info: Figures/pheno/plot_Brhaa_2HDM.pdf used on input line 4
8.
(pdftex.def)             Requested size: 255.0pt x 201.21191pt.

<Figures/pheno/plot_reach1_2HDM.pdf, id=229, 361.35pt x 285.12924pt>
File: Figures/pheno/plot_reach1_2HDM.pdf Graphic file (type pdf)

<use Figures/pheno/plot_reach1_2HDM.pdf>
Package pdftex.def Info: Figures/pheno/plot_reach1_2HDM.pdf used on input line 
59.
(pdftex.def)             Requested size: 229.49844pt x 181.08986pt.

<Figures/pheno/plot_reach2_2HDM.pdf, id=230, 361.35pt x 285.12924pt>
File: Figures/pheno/plot_reach2_2HDM.pdf Graphic file (type pdf)

<use Figures/pheno/plot_reach2_2HDM.pdf>
Package pdftex.def Info: Figures/pheno/plot_reach2_2HDM.pdf used on input line 
60.
(pdftex.def)             Requested size: 229.49844pt x 181.08986pt.
 [10] [11 <./Figures/pheno/plot_Brhaa_2HDM.pdf> <./Figures/pheno/plot_reach1_2H
DM.pdf> <./Figures/pheno/plot_reach2_2HDM.pdf>] [12]
<Figures/pheno/plot_R1_NMSSM.pdf, id=300, 260.17201pt x 200.69379pt>
File: Figures/pheno/plot_R1_NMSSM.pdf Graphic file (type pdf)

<use Figures/pheno/plot_R1_NMSSM.pdf>
Package pdftex.def Info: Figures/pheno/plot_R1_NMSSM.pdf used on input line 148
.
(pdftex.def)             Requested size: 229.49844pt x 177.0398pt.

<Figures/pheno/plot_R3_NMSSM.pdf, id=301, 260.17201pt x 200.69379pt>
File: Figures/pheno/plot_R3_NMSSM.pdf Graphic file (type pdf)

<use Figures/pheno/plot_R3_NMSSM.pdf>
Package pdftex.def Info: Figures/pheno/plot_R3_NMSSM.pdf used on input line 149
.
(pdftex.def)             Requested size: 229.49844pt x 177.0398pt.

<Figures/pheno/plot_PQ1_NMSSM.pdf, id=302, 260.17201pt x 200.69379pt>
File: Figures/pheno/plot_PQ1_NMSSM.pdf Graphic file (type pdf)

<use Figures/pheno/plot_PQ1_NMSSM.pdf>
Package pdftex.def Info: Figures/pheno/plot_PQ1_NMSSM.pdf used on input line 18
3.
(pdftex.def)             Requested size: 229.49844pt x 177.0398pt.

<Figures/pheno/plot_PQ3_NMSSM.pdf, id=303, 260.17201pt x 200.69379pt>
File: Figures/pheno/plot_PQ3_NMSSM.pdf Graphic file (type pdf)

<use Figures/pheno/plot_PQ3_NMSSM.pdf>
Package pdftex.def Info: Figures/pheno/plot_PQ3_NMSSM.pdf used on input line 18
4.
(pdftex.def)             Requested size: 229.49844pt x 177.0398pt.
 [13 <./Figures/pheno/plot_R1_NMSSM.pdf> <./Figures/pheno/plot_R3_NMSSM.pdf>]) 
(./sec7_concl.tex [14 <./Figures/pheno/plot_PQ1_NMSSM.pdf> <./Figures/pheno/plo
t_PQ3_NMSSM.pdf>]) (./paper.bbl) [15]
Missing character: There is no ï in font cmr9!
Missing character: There is no ¿ in font cmr9!
Missing character: There is no ½ in font cmr9!
Missing character: There is no ï in font cmr9!
Missing character: There is no ¿ in font cmr9!
Missing character: There is no ½ in font cmr9!
Missing character: There is no Ã in font cmr9!
Missing character: There is no © in font cmr9!

[16] (./paper.aux)

LaTeX Warning: Label(s) may have changed. Rerun to get cross-references right .


 ) 
Here is how much of TeX's memory you used:
 4189 strings out of 494213
 59719 string characters out of 6157464
 141748 words of memory out of 5000000
 7390 multiletter control sequences out of 15000+600000
 11826 words of font info for 42 fonts, out of 8000000 for 9000
 430 hyphenation exceptions out of 8191
 38i,13n,26p,1456b,562s stack positions out of 5000i,500n,10000p,200000b,80000s
</opt/local/share/texmf-texlive/fonts/type1/public/amsfonts/cm/cmbx10.pfb></o
pt/local/share/texmf-texlive/fonts/type1/public/amsfonts/cm/cmbx12.pfb></opt/lo
cal/share/texmf-texlive/fonts/type1/public/amsfonts/cm/cmbx7.pfb></opt/local/sh
are/texmf-texlive/fonts/type1/public/amsfonts/cm/cmbx9.pfb></opt/local/share/te
xmf-texlive/fonts/type1/public/amsfonts/cm/cmcsc10.pfb></opt/local/share/texmf-
texlive/fonts/type1/public/amsfonts/cm/cmex10.pfb></opt/local/share/texmf-texli
ve/fonts/type1/public/amsfonts/cm/cmmi10.pfb></opt/local/share/texmf-texlive/fo
nts/type1/public/amsfonts/cm/cmmi5.pfb></opt/local/share/texmf-texlive/fonts/ty
pe1/public/amsfonts/cm/cmmi6.pfb></opt/local/share/texmf-texlive/fonts/type1/pu
blic/amsfonts/cm/cmmi7.pfb></opt/local/share/texmf-texlive/fonts/type1/public/a
msfonts/cm/cmmi9.pfb></opt/local/share/texmf-texlive/fonts/type1/public/amsfont
s/cm/cmr10.pfb></opt/local/share/texmf-texlive/fonts/type1/public/amsfonts/cm/c
mr5.pfb></opt/local/share/texmf-texlive/fonts/type1/public/amsfonts/cm/cmr6.pfb
></opt/local/share/texmf-texlive/fonts/type1/public/amsfonts/cm/cmr7.pfb></opt/
local/share/texmf-texlive/fonts/type1/public/amsfonts/cm/cmr8.pfb></opt/local/s
hare/texmf-texlive/fonts/type1/public/amsfonts/cm/cmr9.pfb></opt/local/share/te
xmf-texlive/fonts/type1/public/amsfonts/cm/cmsl10.pfb></opt/local/share/texmf-t
exlive/fonts/type1/public/amsfonts/cm/cmsy10.pfb></opt/local/share/texmf-texliv
e/fonts/type1/public/amsfonts/cm/cmsy6.pfb></opt/local/share/texmf-texlive/font
s/type1/public/amsfonts/cm/cmsy7.pfb></opt/local/share/texmf-texlive/fonts/type
1/public/amsfonts/cm/cmsy9.pfb></opt/local/share/texmf-texlive/fonts/type1/publ
ic/amsfonts/cm/cmti10.pfb></opt/local/share/texmf-texlive/fonts/type1/public/am
sfonts/cm/cmti7.pfb></opt/local/share/texmf-texlive/fonts/type1/public/amsfonts
/cm/cmti9.pfb></opt/local/share/texmf-texlive/fonts/type1/public/amsfonts/cm/cm
tt9.pfb>
Output written on paper.pdf (16 pages, 1532332 bytes).
PDF statistics:
 478 PDF objects out of 1000 (max. 8388607)
 356 compressed objects within 4 object streams
 0 named destinations out of 1000 (max. 500000)
 126 words of extra memory for PDF output out of 10000 (max. 10000000)

