This is pdfTeX, Version 3.14159265-2.6-1.40.15 (TeX Live 2014/MacPorts 2014_9) (preloaded format=pdflatex 2015.1.1)  22 JUL 2015 20:17
entering extended mode
 restricted \write18 enabled.
 file:line:error style messages enabled.
 %&-line parsing enabled.
**sec3.tex
(./sec3.tex
LaTeX2e <2014/05/01>
Babel <3.9k> and hyphenation patterns for 43 languages loaded.
./sec3.tex:1: Undefined control sequence.
l.1 \section
            {Event generation and simulation details}
? 
./sec3.tex:1: Emergency stop.
l.1 \section
            {Event generation and simulation details}
End of file on the terminal!

 
Here is how much of TeX's memory you used:
 5 strings out of 494213
 131 string characters out of 6157464
 48530 words of memory out of 5000000
 3399 multiletter control sequences out of 15000+600000
 3640 words of font info for 14 fonts, out of 8000000 for 9000
 430 hyphenation exceptions out of 8191
 5i,0n,1p,60b,8s stack positions out of 5000i,500n,10000p,200000b,80000s
./sec3.tex:1:  ==> Fatal error occurred, no output PDF file produced!
